[18:49:28] [main/INFO]: Environment: authHost='https://authserver.mojang.com', accountsHost='https://api.mojang.com', sessionHost='https://sessionserver.mojang.com', servicesHost='https://api.minecraftservices.com', name='PROD'
[18:49:28] [main/WARN]: Ambiguity between arguments [teleport, destination] and [teleport, targets] with inputs: [Player, 0123, @e, dd12be42-52a9-4a91-a8a1-11c01849e498]
[18:49:28] [main/WARN]: Ambiguity between arguments [teleport, location] and [teleport, destination] with inputs: [0.1 -0.5 .9, 0 0 0]
[18:49:28] [main/WARN]: Ambiguity between arguments [teleport, location] and [teleport, targets] with inputs: [0.1 -0.5 .9, 0 0 0]
[18:49:28] [main/WARN]: Ambiguity between arguments [teleport, targets] and [teleport, destination] with inputs: [Player, 0123, dd12be42-52a9-4a91-a8a1-11c01849e498]
[18:49:28] [main/WARN]: Ambiguity between arguments [teleport, targets, location] and [teleport, targets, destination] with inputs: [0.1 -0.5 .9, 0 0 0]
[18:49:28] [main/INFO]: Reloading ResourceManager: Default
[18:49:29] [Worker-Main-4/INFO]: Loaded 7 recipes
[18:49:30] [Worker-Main-4/INFO]: Loaded 927 advancements
[18:49:31] [Server thread/INFO]: Starting minecraft server version 1.16.5
[18:49:31] [Server thread/INFO]: Loading properties
[18:49:31] [Server thread/INFO]: Default game type: SURVIVAL
[18:49:31] [Server thread/INFO]: Generating keypair
[18:49:32] [Server thread/INFO]: Starting Minecraft server on *:25565
[18:49:32] [Server thread/INFO]: Using epoll channel type
[18:49:32] [Server thread/INFO]: Preparing level "world_1"
[18:49:32] [Server thread/INFO]: Preparing start region for dimension minecraft:overworld
[18:49:34] [Server thread/INFO]: Preparing spawn area: 0%
[18:49:34] [Server thread/INFO]: Preparing spawn area: 0%
[18:49:34] [Server thread/INFO]: Preparing spawn area: 0%
[18:49:34] [Server thread/INFO]: Preparing spawn area: 0%
[18:49:35] [Server thread/INFO]: Preparing spawn area: 0%
[18:49:35] [Server thread/INFO]: Preparing spawn area: 0%
[18:49:35] [Server thread/INFO]: Preparing spawn area: 0%
[18:49:36] [Server thread/INFO]: Preparing spawn area: 46%
[18:49:40] [Worker-Main-6/INFO]: Preparing spawn area: 83%
[18:49:40] [Worker-Main-7/INFO]: Preparing spawn area: 83%
[18:49:40] [Worker-Main-7/INFO]: Preparing spawn area: 83%
[18:49:40] [Worker-Main-7/INFO]: Preparing spawn area: 83%
[18:49:40] [Worker-Main-5/INFO]: Preparing spawn area: 83%
[18:49:40] [Worker-Main-6/INFO]: Preparing spawn area: 83%
[18:49:40] [Worker-Main-6/INFO]: Preparing spawn area: 83%
[18:49:40] [Worker-Main-6/INFO]: Preparing spawn area: 83%
[18:49:40] [Worker-Main-5/INFO]: Preparing spawn area: 95%
[18:49:41] [Worker-Main-5/INFO]: Preparing spawn area: 95%
[18:49:41] [Worker-Main-6/INFO]: Preparing spawn area: 95%
[18:49:42] [Worker-Main-6/INFO]: Preparing spawn area: 95%
[18:49:42] [Worker-Main-5/INFO]: Preparing spawn area: 95%
[18:49:43] [Worker-Main-7/INFO]: Preparing spawn area: 96%
[18:49:43] [Worker-Main-6/INFO]: Preparing spawn area: 99%
[18:49:44] [Server thread/INFO]: Time elapsed: 11127 ms
[18:49:44] [Server thread/INFO]: Done (11.268s)! For help, type "help"
[18:50:41] [User Authenticator #1/INFO]: UUID of player AllanWilson is 747da378-eeca-41e7-b4ca-fde0e91752a2
[18:50:41] [Server thread/INFO]: AllanWilson[/192.168.1.122:51781] logged in with entity id 143 at (-168.3841166233863, 64.0, -88.30000001192093)
[18:50:41] [Server thread/INFO]: AllanWilson joined the game
[18:51:40] [Server thread/INFO]: [AllanWilson: Set the time to 1000]
[18:59:45] [Server thread/WARN]: Boat (vehicle of AllanWilson) moved too quickly! -0.2552287134823814,0.0,10.39686471420282
[18:59:45] [Server thread/WARN]: Boat (vehicle of AllanWilson) moved too quickly! -0.2650452026185235,0.0,10.79674413264388
[18:59:45] [Server thread/WARN]: Boat (vehicle of AllanWilson) moved too quickly! -0.2748616917580762,0.0,11.196623551223865
[19:02:33] [Server thread/INFO]: [AllanWilson: Set the time to 1000]
[19:06:05] [Server thread/INFO]: Unknown or incomplete command, see below for error
[19:06:05] [Server thread/INFO]: [B/gamerule keepInventory true.<--[HERE]
[19:06:36] [Server thread/INFO]: [AllanWilson: Gamerule keepInventory is now set to: true]
[19:11:40] [Server thread/INFO]: [AllanWilson: Set the time to 1000]
[19:19:21] [Server thread/INFO]: AllanWilson was impaled by Drowned
[19:23:50] [Server thread/INFO]: [AllanWilson: Set the time to 1000]
[19:24:40] [Server thread/INFO]: AllanWilson lost connection: Disconnected
[19:24:40] [Server thread/INFO]: AllanWilson left the game
